<?xml version="1.0" encoding="UTF-8"?>
<testsuite name="questions_0_10Test.question2Test" tests="1" skipped="0" failures="0" errors="0" timestamp="2020-07-31T13:09:02" hostname="peterson-pc" time="0.034">
  <properties/>
  <testcase name="getUnicodeChar_whenAStringIsValid_shouldReturnUnicodePoint()" classname="questions_0_10Test.question2Test" time="0.034"/>
  <system-out><![CDATA[Original String : w3resource.com
]]></system-out>
  <system-err><![CDATA[]]></system-err>
</testsuite>
