<?xml version="1.0" encoding="UTF-8"?>
<testsuite name="questions_0_10Test.question4Test" tests="1" skipped="0" failures="0" errors="0" timestamp="2020-07-31T20:18:29" hostname="peterson-pc" time="0.018">
  <properties/>
  <testcase name="countUnicode_whenAStringIsValid_shouldReturnTheCodePointCount()" classname="questions_0_10Test.question4Test" time="0.018"/>
  <system-out><![CDATA[]]></system-out>
  <system-err><![CDATA[]]></system-err>
</testsuite>
